<?xml version="1.0" encoding="UTF-8"?>
<TestRun id="3091e8a3-210b-4b29-84a0-505df83e0b55" name="Moh@IKBAL 2015-05-25 15:36:51" runUser="IKBAL\Moh" xmlns="http://microsoft.com/schemas/VisualStudio/TeamTest/2010">
  <TestSettings name="Default Test Settings" id="935a645c-3f3d-4aa0-8a86-05f811f08a68">
    <Deployment userDeploymentRoot="C:\Users\Moh\Documents\Visual Studio 2013\Projects\DataBaseGenerator" useDefaultDeploymentRoot="false" runDeploymentRoot="Moh_IKBAL 2015-05-25 15_36_51" />
    <Execution>
      <TestTypeSpecific />
      <AgentRule name="Execution Agents">
      </AgentRule>
    </Execution>
    <Properties />
  </TestSettings>
  <Times creation="2015-05-25T15:36:51.5613090+02:00" queuing="2015-05-25T15:36:52.8101971+02:00" start="2015-05-25T15:36:53.0693814+02:00" finish="2015-05-25T15:36:53.6177783+02:00" />
  <ResultSummary outcome="Failed">
    <Counters total="2" executed="2" passed="1" error="0" failed="1" timeout="0" aborted="0" inconclusive="0" passedButRunAborted="0" notRunnable="0" notExecuted="0" disconnected="0" warning="0" completed="0" inProgress="0" pending="0" />
  </ResultSummary>
  <TestDefinitions>
    <UnitTest name="TestMethod1" storage="buildartifacts\unittest.dll" id="536856a5-da04-0a74-8a8c-a35fddb24fda">
      <Execution timeOut="1800000" id="2ca9daff-73b9-419f-92aa-6774d2f66505" />
      <TestMethod codeBase="C:/Users/Moh/Documents/Visual Studio 2013/Projects/DataBaseGenerator/BuildArtifacts/UnitTest.dll" adapterTypeName="Microsoft.VisualStudio.TestTools.TestTypes.Unit.UnitTestAdapter, Microsoft.VisualStudio.QualityTools.Tips.UnitTest.Adapter, Version=12.0.0.0, Culture=neutral, PublicKeyToken=b03f5f7f11d50a3a" className="UnitTest.DbGeneratorUnitTest, UnitTest, Version=1.0.0.0, Culture=neutral, PublicKeyToken=null" name="TestMethod1" />
    </UnitTest>
    <UnitTest name="TestMethod2" storage="buildartifacts\unittest.dll" id="f6db410e-64a8-450f-d3c5-55e88cb6f07c">
      <Execution timeOut="1800000" id="dd1902a2-fc8d-4812-a40b-2a8d2a3db75f" />
      <TestMethod codeBase="C:/Users/Moh/Documents/Visual Studio 2013/Projects/DataBaseGenerator/BuildArtifacts/UnitTest.dll" adapterTypeName="Microsoft.VisualStudio.TestTools.TestTypes.Unit.UnitTestAdapter, Microsoft.VisualStudio.QualityTools.Tips.UnitTest.Adapter, Version=12.0.0.0, Culture=neutral, PublicKeyToken=b03f5f7f11d50a3a" className="UnitTest.DbGeneratorUnitTest, UnitTest, Version=1.0.0.0, Culture=neutral, PublicKeyToken=null" name="TestMethod2" />
    </UnitTest>
  </TestDefinitions>
  <TestLists>
    <TestList name="Results Not in a List" id="8c84fa94-04c1-424b-9868-57a2d4851a1d" />
    <TestList name="All Loaded Results" id="19431567-8539-422a-85d7-44ee4e166bda" />
  </TestLists>
  <TestEntries>
    <TestEntry testId="536856a5-da04-0a74-8a8c-a35fddb24fda" executionId="2ca9daff-73b9-419f-92aa-6774d2f66505" testListId="8c84fa94-04c1-424b-9868-57a2d4851a1d" />
    <TestEntry testId="f6db410e-64a8-450f-d3c5-55e88cb6f07c" executionId="dd1902a2-fc8d-4812-a40b-2a8d2a3db75f" testListId="8c84fa94-04c1-424b-9868-57a2d4851a1d" />
  </TestEntries>
  <Results>
    <UnitTestResult executionId="2ca9daff-73b9-419f-92aa-6774d2f66505" testId="536856a5-da04-0a74-8a8c-a35fddb24fda" testName="TestMethod1" computerName="IKBAL" duration="00:00:00.0143707" startTime="2015-05-25T15:36:53.3275653+02:00" endTime="2015-05-25T15:36:53.4586585+02:00" testType="13cdc9d9-ddb5-4fa4-a97d-d965ccfc6d4b" outcome="Passed" testListId="8c84fa94-04c1-424b-9868-57a2d4851a1d" relativeResultsDirectory="2ca9daff-73b9-419f-92aa-6774d2f66505">
    </UnitTestResult>
    <UnitTestResult executionId="dd1902a2-fc8d-4812-a40b-2a8d2a3db75f" testId="f6db410e-64a8-450f-d3c5-55e88cb6f07c" testName="TestMethod2" computerName="IKBAL" duration="00:00:00.0539855" startTime="2015-05-25T15:36:53.4716677+02:00" endTime="2015-05-25T15:36:53.5277064+02:00" testType="13cdc9d9-ddb5-4fa4-a97d-d965ccfc6d4b" outcome="Failed" testListId="8c84fa94-04c1-424b-9868-57a2d4851a1d" relativeResultsDirectory="dd1902a2-fc8d-4812-a40b-2a8d2a3db75f">
      <Output>
        <ErrorInfo>
          <Message>Assert.IsTrue failed. </Message>
          <StackTrace>   à UnitTest.DbGeneratorUnitTest.TestMethod2() dans c:\Users\Moh\Documents\Visual Studio 2013\Projects\DataBaseGenerator\UnitTest\UnitTest1.cs:ligne 20
</StackTrace>
        </ErrorInfo>
      </Output>
    </UnitTestResult>
  </Results>
</TestRun>