<?xml version="1.0" encoding="UTF-8"?>
<TestRun id="ef027a8d-ff1e-449b-92d4-88b2ff36efb6" name="Moh@IKBAL 2015-05-25 16:13:03" runUser="IKBAL\Moh" xmlns="http://microsoft.com/schemas/VisualStudio/TeamTest/2010">
  <TestSettings name="Default Test Settings" id="16b1f387-1f6c-4954-ab2c-30f965f8a0c7">
    <Execution>
      <TestTypeSpecific />
      <AgentRule name="Execution Agents">
      </AgentRule>
    </Execution>
    <Deployment runDeploymentRoot="Moh_IKBAL 2015-05-25 16_13_03" />
    <Properties />
  </TestSettings>
  <Times creation="2015-05-25T16:13:03.3581262+02:00" queuing="2015-05-25T16:13:04.5249841+02:00" start="2015-05-25T16:13:04.8161639+02:00" finish="2015-05-25T16:13:05.9769882+02:00" />
  <ResultSummary outcome="Failed">
    <Counters total="2" executed="2" passed="1" error="0" failed="1" timeout="0" aborted="0" inconclusive="0" passedButRunAborted="0" notRunnable="0" notExecuted="0" disconnected="0" warning="0" completed="0" inProgress="0" pending="0" />
  </ResultSummary>
  <TestDefinitions>
    <UnitTest name="TestMethod1" storage="buildartifacts\unittest.dll" id="536856a5-da04-0a74-8a8c-a35fddb24fda">
      <Execution id="2bdd1e84-06cb-436e-bc3c-d4b4d6677d0b" />
      <TestMethod codeBase="C:/Users/Moh/Documents/Visual Studio 2013/Projects/DataBaseGenerator/BuildArtifacts/UnitTest.DLL" adapterTypeName="Microsoft.VisualStudio.TestTools.TestTypes.Unit.UnitTestAdapter, Microsoft.VisualStudio.QualityTools.Tips.UnitTest.Adapter, Version=12.0.0.0, Culture=neutral, PublicKeyToken=b03f5f7f11d50a3a" className="UnitTest.DbGeneratorUnitTest, UnitTest, Version=1.0.0.0, Culture=neutral, PublicKeyToken=null" name="TestMethod1" />
    </UnitTest>
    <UnitTest name="TestMethod2" storage="buildartifacts\unittest.dll" id="f6db410e-64a8-450f-d3c5-55e88cb6f07c">
      <Execution id="93a4be0a-4697-4a2a-9677-759a2a738e2b" />
      <TestMethod codeBase="C:/Users/Moh/Documents/Visual Studio 2013/Projects/DataBaseGenerator/BuildArtifacts/UnitTest.DLL" adapterTypeName="Microsoft.VisualStudio.TestTools.TestTypes.Unit.UnitTestAdapter, Microsoft.VisualStudio.QualityTools.Tips.UnitTest.Adapter, Version=12.0.0.0, Culture=neutral, PublicKeyToken=b03f5f7f11d50a3a" className="UnitTest.DbGeneratorUnitTest, UnitTest, Version=1.0.0.0, Culture=neutral, PublicKeyToken=null" name="TestMethod2" />
    </UnitTest>
  </TestDefinitions>
  <TestLists>
    <TestList name="Results Not in a List" id="8c84fa94-04c1-424b-9868-57a2d4851a1d" />
    <TestList name="All Loaded Results" id="19431567-8539-422a-85d7-44ee4e166bda" />
  </TestLists>
  <TestEntries>
    <TestEntry testId="536856a5-da04-0a74-8a8c-a35fddb24fda" executionId="2bdd1e84-06cb-436e-bc3c-d4b4d6677d0b" testListId="8c84fa94-04c1-424b-9868-57a2d4851a1d" />
    <TestEntry testId="f6db410e-64a8-450f-d3c5-55e88cb6f07c" executionId="93a4be0a-4697-4a2a-9677-759a2a738e2b" testListId="8c84fa94-04c1-424b-9868-57a2d4851a1d" />
  </TestEntries>
  <Results>
    <UnitTestResult executionId="2bdd1e84-06cb-436e-bc3c-d4b4d6677d0b" testId="536856a5-da04-0a74-8a8c-a35fddb24fda" testName="TestMethod1" computerName="IKBAL" duration="00:00:00.0875577" startTime="2015-05-25T16:13:04.9162346+02:00" endTime="2015-05-25T16:13:05.6077262+02:00" testType="13cdc9d9-ddb5-4fa4-a97d-d965ccfc6d4b" outcome="Passed" testListId="8c84fa94-04c1-424b-9868-57a2d4851a1d" relativeResultsDirectory="2bdd1e84-06cb-436e-bc3c-d4b4d6677d0b">
    </UnitTestResult>
    <UnitTestResult executionId="93a4be0a-4697-4a2a-9677-759a2a738e2b" testId="f6db410e-64a8-450f-d3c5-55e88cb6f07c" testName="TestMethod2" computerName="IKBAL" duration="00:00:00.2293610" startTime="2015-05-25T16:13:05.6197363+02:00" endTime="2015-05-25T16:13:05.8569108+02:00" testType="13cdc9d9-ddb5-4fa4-a97d-d965ccfc6d4b" outcome="Failed" testListId="8c84fa94-04c1-424b-9868-57a2d4851a1d" relativeResultsDirectory="93a4be0a-4697-4a2a-9677-759a2a738e2b">
      <Output>
        <ErrorInfo>
          <Message>Assert.IsTrue failed. </Message>
          <StackTrace>   à UnitTest.DbGeneratorUnitTest.TestMethod2() dans c:\Users\Moh\Documents\Visual Studio 2013\Projects\DataBaseGenerator\UnitTest\UnitTest1.cs:ligne 20
</StackTrace>
        </ErrorInfo>
      </Output>
    </UnitTestResult>
  </Results>
</TestRun>