<?xml version="1.0" encoding="UTF-8"?>
<TestRun id="61f8a882-ea06-4791-aa9f-46ce2fd6cac6" name="Moh@IKBAL 2015-05-25 16:13:39" runUser="IKBAL\Moh" xmlns="http://microsoft.com/schemas/VisualStudio/TeamTest/2010">
  <TestSettings name="Default Test Settings" id="a39bac12-d75d-49ba-8301-db0379f75a3e">
    <Execution>
      <TestTypeSpecific />
      <AgentRule name="Execution Agents">
      </AgentRule>
    </Execution>
    <Deployment runDeploymentRoot="Moh_IKBAL 2015-05-25 16_13_39" />
    <Properties />
  </TestSettings>
  <Times creation="2015-05-25T16:13:39.6259363+02:00" queuing="2015-05-25T16:13:40.7947447+02:00" start="2015-05-25T16:13:41.0859466+02:00" finish="2015-05-25T16:13:42.0436333+02:00" />
  <ResultSummary outcome="Completed">
    <Counters total="2" executed="2" passed="2" error="0" failed="0" timeout="0" aborted="0" inconclusive="0" passedButRunAborted="0" notRunnable="0" notExecuted="0" disconnected="0" warning="0" completed="0" inProgress="0" pending="0" />
  </ResultSummary>
  <TestDefinitions>
    <UnitTest name="TestMethod1" storage="buildartifacts\unittest.dll" id="536856a5-da04-0a74-8a8c-a35fddb24fda">
      <Execution id="51b04f06-a8a9-40dd-83b0-6e6b090d21e2" />
      <TestMethod codeBase="C:/Users/Moh/Documents/Visual Studio 2013/Projects/DataBaseGenerator/BuildArtifacts/UnitTest.DLL" adapterTypeName="Microsoft.VisualStudio.TestTools.TestTypes.Unit.UnitTestAdapter, Microsoft.VisualStudio.QualityTools.Tips.UnitTest.Adapter, Version=12.0.0.0, Culture=neutral, PublicKeyToken=b03f5f7f11d50a3a" className="UnitTest.DbGeneratorUnitTest, UnitTest, Version=1.0.0.0, Culture=neutral, PublicKeyToken=null" name="TestMethod1" />
    </UnitTest>
    <UnitTest name="TestMethod2" storage="buildartifacts\unittest.dll" id="f6db410e-64a8-450f-d3c5-55e88cb6f07c">
      <Execution id="3fa55891-7300-49c3-9f64-333348bffafe" />
      <TestMethod codeBase="C:/Users/Moh/Documents/Visual Studio 2013/Projects/DataBaseGenerator/BuildArtifacts/UnitTest.DLL" adapterTypeName="Microsoft.VisualStudio.TestTools.TestTypes.Unit.UnitTestAdapter, Microsoft.VisualStudio.QualityTools.Tips.UnitTest.Adapter, Version=12.0.0.0, Culture=neutral, PublicKeyToken=b03f5f7f11d50a3a" className="UnitTest.DbGeneratorUnitTest, UnitTest, Version=1.0.0.0, Culture=neutral, PublicKeyToken=null" name="TestMethod2" />
    </UnitTest>
  </TestDefinitions>
  <TestLists>
    <TestList name="Results Not in a List" id="8c84fa94-04c1-424b-9868-57a2d4851a1d" />
    <TestList name="All Loaded Results" id="19431567-8539-422a-85d7-44ee4e166bda" />
  </TestLists>
  <TestEntries>
    <TestEntry testId="536856a5-da04-0a74-8a8c-a35fddb24fda" executionId="51b04f06-a8a9-40dd-83b0-6e6b090d21e2" testListId="8c84fa94-04c1-424b-9868-57a2d4851a1d" />
    <TestEntry testId="f6db410e-64a8-450f-d3c5-55e88cb6f07c" executionId="3fa55891-7300-49c3-9f64-333348bffafe" testListId="8c84fa94-04c1-424b-9868-57a2d4851a1d" />
  </TestEntries>
  <Results>
    <UnitTestResult executionId="51b04f06-a8a9-40dd-83b0-6e6b090d21e2" testId="536856a5-da04-0a74-8a8c-a35fddb24fda" testName="TestMethod1" computerName="IKBAL" duration="00:00:00.0835986" startTime="2015-05-25T16:13:41.1910201+02:00" endTime="2015-05-25T16:13:41.8725108+02:00" testType="13cdc9d9-ddb5-4fa4-a97d-d965ccfc6d4b" outcome="Passed" testListId="8c84fa94-04c1-424b-9868-57a2d4851a1d" relativeResultsDirectory="51b04f06-a8a9-40dd-83b0-6e6b090d21e2">
    </UnitTestResult>
    <UnitTestResult executionId="3fa55891-7300-49c3-9f64-333348bffafe" testId="f6db410e-64a8-450f-d3c5-55e88cb6f07c" testName="TestMethod2" computerName="IKBAL" duration="00:00:00.0004437" startTime="2015-05-25T16:13:41.8835127+02:00" endTime="2015-05-25T16:13:41.8925187+02:00" testType="13cdc9d9-ddb5-4fa4-a97d-d965ccfc6d4b" outcome="Passed" testListId="8c84fa94-04c1-424b-9868-57a2d4851a1d" relativeResultsDirectory="3fa55891-7300-49c3-9f64-333348bffafe">
    </UnitTestResult>
  </Results>
</TestRun>