<?xml version="1.0" encoding="UTF-8"?>
<TestRun id="3d4882f4-a327-457d-a64e-87f8fa0a4301" name="Moh@IKBAL 2015-05-25 16:12:19" runUser="IKBAL\Moh" xmlns="http://microsoft.com/schemas/VisualStudio/TeamTest/2010">
  <TestSettings name="Default Test Settings" id="12906fb8-2b16-4e5a-b7e8-72b1003180c3">
    <Execution>
      <TestTypeSpecific />
      <AgentRule name="Execution Agents">
      </AgentRule>
    </Execution>
    <Deployment runDeploymentRoot="Moh_IKBAL 2015-05-25 16_12_19" />
    <Properties />
  </TestSettings>
  <Times creation="2015-05-25T16:12:19.7861548+02:00" queuing="2015-05-25T16:12:21.0380719+02:00" start="2015-05-25T16:12:21.3202453+02:00" finish="2015-05-25T16:12:22.2659167+02:00" />
  <ResultSummary outcome="Completed">
    <Counters total="2" executed="2" passed="2" error="0" failed="0" timeout="0" aborted="0" inconclusive="0" passedButRunAborted="0" notRunnable="0" notExecuted="0" disconnected="0" warning="0" completed="0" inProgress="0" pending="0" />
  </ResultSummary>
  <TestDefinitions>
    <UnitTest name="TestMethod1" storage="buildartifacts\unittest.dll" id="536856a5-da04-0a74-8a8c-a35fddb24fda">
      <Execution id="f73fae9a-0a34-4e18-8567-045346441194" />
      <TestMethod codeBase="C:/Users/Moh/Documents/Visual Studio 2013/Projects/DataBaseGenerator/BuildArtifacts/UnitTest.DLL" adapterTypeName="Microsoft.VisualStudio.TestTools.TestTypes.Unit.UnitTestAdapter, Microsoft.VisualStudio.QualityTools.Tips.UnitTest.Adapter, Version=12.0.0.0, Culture=neutral, PublicKeyToken=b03f5f7f11d50a3a" className="UnitTest.DbGeneratorUnitTest, UnitTest, Version=1.0.0.0, Culture=neutral, PublicKeyToken=null" name="TestMethod1" />
    </UnitTest>
    <UnitTest name="TestMethod2" storage="buildartifacts\unittest.dll" id="f6db410e-64a8-450f-d3c5-55e88cb6f07c">
      <Execution id="9418bb79-42b8-4f69-b2ce-7b61a3119300" />
      <TestMethod codeBase="C:/Users/Moh/Documents/Visual Studio 2013/Projects/DataBaseGenerator/BuildArtifacts/UnitTest.DLL" adapterTypeName="Microsoft.VisualStudio.TestTools.TestTypes.Unit.UnitTestAdapter, Microsoft.VisualStudio.QualityTools.Tips.UnitTest.Adapter, Version=12.0.0.0, Culture=neutral, PublicKeyToken=b03f5f7f11d50a3a" className="UnitTest.DbGeneratorUnitTest, UnitTest, Version=1.0.0.0, Culture=neutral, PublicKeyToken=null" name="TestMethod2" />
    </UnitTest>
  </TestDefinitions>
  <TestLists>
    <TestList name="Results Not in a List" id="8c84fa94-04c1-424b-9868-57a2d4851a1d" />
    <TestList name="All Loaded Results" id="19431567-8539-422a-85d7-44ee4e166bda" />
  </TestLists>
  <TestEntries>
    <TestEntry testId="536856a5-da04-0a74-8a8c-a35fddb24fda" executionId="f73fae9a-0a34-4e18-8567-045346441194" testListId="8c84fa94-04c1-424b-9868-57a2d4851a1d" />
    <TestEntry testId="f6db410e-64a8-450f-d3c5-55e88cb6f07c" executionId="9418bb79-42b8-4f69-b2ce-7b61a3119300" testListId="8c84fa94-04c1-424b-9868-57a2d4851a1d" />
  </TestEntries>
  <Results>
    <UnitTestResult executionId="f73fae9a-0a34-4e18-8567-045346441194" testId="536856a5-da04-0a74-8a8c-a35fddb24fda" testName="TestMethod1" computerName="IKBAL" duration="00:00:00.0756036" startTime="2015-05-25T16:12:21.4273194+02:00" endTime="2015-05-25T16:12:22.0957954+02:00" testType="13cdc9d9-ddb5-4fa4-a97d-d965ccfc6d4b" outcome="Passed" testListId="8c84fa94-04c1-424b-9868-57a2d4851a1d" relativeResultsDirectory="f73fae9a-0a34-4e18-8567-045346441194">
    </UnitTestResult>
    <UnitTestResult executionId="9418bb79-42b8-4f69-b2ce-7b61a3119300" testId="f6db410e-64a8-450f-d3c5-55e88cb6f07c" testName="TestMethod2" computerName="IKBAL" duration="00:00:00.0004302" startTime="2015-05-25T16:12:22.1058029+02:00" endTime="2015-05-25T16:12:22.1148377+02:00" testType="13cdc9d9-ddb5-4fa4-a97d-d965ccfc6d4b" outcome="Passed" testListId="8c84fa94-04c1-424b-9868-57a2d4851a1d" relativeResultsDirectory="9418bb79-42b8-4f69-b2ce-7b61a3119300">
    </UnitTestResult>
  </Results>
</TestRun>