<?xml version="1.0" encoding="UTF-8"?>
<TestRun id="1a21f569-8fb1-4c76-87a9-9480acc71ec4" name="Moh@IKBAL 2015-05-25 16:11:54" runUser="IKBAL\Moh" xmlns="http://microsoft.com/schemas/VisualStudio/TeamTest/2010">
  <TestSettings name="Default Test Settings" id="a1871d60-9ab0-47a8-9cde-e74748907e9a">
    <Execution>
      <TestTypeSpecific />
      <AgentRule name="Execution Agents">
      </AgentRule>
    </Execution>
    <Deployment runDeploymentRoot="Moh_IKBAL 2015-05-25 16_11_54" />
    <Properties />
  </TestSettings>
  <Times creation="2015-05-25T16:11:54.7793851+02:00" queuing="2015-05-25T16:11:56.3975278+02:00" start="2015-05-25T16:11:56.6907366+02:00" finish="2015-05-25T16:11:57.7434917+02:00" />
  <ResultSummary outcome="Completed">
    <Counters total="2" executed="2" passed="2" error="0" failed="0" timeout="0" aborted="0" inconclusive="0" passedButRunAborted="0" notRunnable="0" notExecuted="0" disconnected="0" warning="0" completed="0" inProgress="0" pending="0" />
  </ResultSummary>
  <TestDefinitions>
    <UnitTest name="TestMethod1" storage="buildartifacts\unittest.dll" id="536856a5-da04-0a74-8a8c-a35fddb24fda">
      <Execution id="b74a6a1c-5bde-4657-bd5c-6d0396c689a8" />
      <TestMethod codeBase="C:/Users/Moh/Documents/Visual Studio 2013/Projects/DataBaseGenerator/BuildArtifacts/UnitTest.DLL" adapterTypeName="Microsoft.VisualStudio.TestTools.TestTypes.Unit.UnitTestAdapter, Microsoft.VisualStudio.QualityTools.Tips.UnitTest.Adapter, Version=12.0.0.0, Culture=neutral, PublicKeyToken=b03f5f7f11d50a3a" className="UnitTest.DbGeneratorUnitTest, UnitTest, Version=1.0.0.0, Culture=neutral, PublicKeyToken=null" name="TestMethod1" />
    </UnitTest>
    <UnitTest name="TestMethod2" storage="buildartifacts\unittest.dll" id="f6db410e-64a8-450f-d3c5-55e88cb6f07c">
      <Execution id="1751d0c8-b8e3-4429-b4d5-5160aba8b710" />
      <TestMethod codeBase="C:/Users/Moh/Documents/Visual Studio 2013/Projects/DataBaseGenerator/BuildArtifacts/UnitTest.DLL" adapterTypeName="Microsoft.VisualStudio.TestTools.TestTypes.Unit.UnitTestAdapter, Microsoft.VisualStudio.QualityTools.Tips.UnitTest.Adapter, Version=12.0.0.0, Culture=neutral, PublicKeyToken=b03f5f7f11d50a3a" className="UnitTest.DbGeneratorUnitTest, UnitTest, Version=1.0.0.0, Culture=neutral, PublicKeyToken=null" name="TestMethod2" />
    </UnitTest>
  </TestDefinitions>
  <TestLists>
    <TestList name="Results Not in a List" id="8c84fa94-04c1-424b-9868-57a2d4851a1d" />
    <TestList name="All Loaded Results" id="19431567-8539-422a-85d7-44ee4e166bda" />
  </TestLists>
  <TestEntries>
    <TestEntry testId="536856a5-da04-0a74-8a8c-a35fddb24fda" executionId="b74a6a1c-5bde-4657-bd5c-6d0396c689a8" testListId="8c84fa94-04c1-424b-9868-57a2d4851a1d" />
    <TestEntry testId="f6db410e-64a8-450f-d3c5-55e88cb6f07c" executionId="1751d0c8-b8e3-4429-b4d5-5160aba8b710" testListId="8c84fa94-04c1-424b-9868-57a2d4851a1d" />
  </TestEntries>
  <Results>
    <UnitTestResult executionId="b74a6a1c-5bde-4657-bd5c-6d0396c689a8" testId="536856a5-da04-0a74-8a8c-a35fddb24fda" testName="TestMethod1" computerName="IKBAL" duration="00:00:00.0860311" startTime="2015-05-25T16:11:56.7868053+02:00" endTime="2015-05-25T16:11:57.5873740+02:00" testType="13cdc9d9-ddb5-4fa4-a97d-d965ccfc6d4b" outcome="Passed" testListId="8c84fa94-04c1-424b-9868-57a2d4851a1d" relativeResultsDirectory="b74a6a1c-5bde-4657-bd5c-6d0396c689a8">
    </UnitTestResult>
    <UnitTestResult executionId="1751d0c8-b8e3-4429-b4d5-5160aba8b710" testId="f6db410e-64a8-450f-d3c5-55e88cb6f07c" testName="TestMethod2" computerName="IKBAL" duration="00:00:00.0003252" startTime="2015-05-25T16:11:57.5973823+02:00" endTime="2015-05-25T16:11:57.6043865+02:00" testType="13cdc9d9-ddb5-4fa4-a97d-d965ccfc6d4b" outcome="Passed" testListId="8c84fa94-04c1-424b-9868-57a2d4851a1d" relativeResultsDirectory="1751d0c8-b8e3-4429-b4d5-5160aba8b710">
    </UnitTestResult>
  </Results>
</TestRun>